📖 上次剪辑记录 (11 个视频):
   - 徐凤年(110段打野)_2026-03-18_16-19-21_002.mp4
   - 徐凤年(110段打野)_2026-03-20_19-21-20_000.mp4
   - 徐凤年(110段打野)_2026-03-20_19-21-20_000.mp4
   - 徐凤年(110段打野)_2026-03-20_19-21-20_000.mp4
   - 徐凤年(110段打野)_2026-03-20_19-21-20_000.mp4
-------------------------------------------------------

已加载 1 个视频片段，等待处理...
✨ 探测区坐标自动重置完毕: (1521, 126, 34, 37)


=======================================================
【系统时间】 2026-03-20 21:53:02
=======================================================
=======================================================
🚀 批量识别任务启动 (1 枚视频列入队列)
=======================================================

▶ 正在处理 [1/1]: 徐凤年(110段打野)_2026-03-20_19-21-20_000.mp4
  📡 [1/2] OCR 深度特征扫描中...
[检测] 视频：E:/素材/抖音/徐凤年(110段打野)/徐凤年(110段打野)_2026-03-20_19-21-20_000.mp4
[检测] FPS=60.0  总帧数=108049  时长=1801.0s
[检测] ROI=(1521, 126, 34, 37)  采样间隔=19帧  冷却=2.0s
------------------------------------------------------------
  ✅ 击杀！时间=102.28s  KD: 0 → 1  (+1)
  ✅ 击杀！时间=484.82s  KD: 1 → 2  (+1)
  ✅ 击杀！时间=488.30s  KD: 2 → 3  (+1)
  ✅ 击杀！时间=520.60s  KD: 3 → 4  (+1)
  ✅ 击杀！时间=601.98s  KD: 4 → 5  (+1)
  ✅ 击杀！时间=656.13s  KD: 5 → 6  (+1)
  ✅ 击杀！时间=662.78s  KD: 6 → 7  (+1)
  ✅ 击杀！时间=1592.68s  KD: 0 → 2  (+2)
  ✅ 击杀！时间=1704.47s  KD: 2 → 3  (+1)

[检测] 完成！共采样 5687 帧，实际 OCR 3787 次
[检测] 共发现 9 次击杀
  ✂️ [2/2] 正在调用 FFmpeg 引擎裁剪渲染...
  🎬 渲染完成！这段视频产出了 7 个独立操作时刻：
     ✅ 徐凤年(110段打野)_2026-03-20_19-21-20_000_kill_001_[102.3s].mp4
     ✅ 徐凤年(110段打野)_2026-03-20_19-21-20_000_kill_002_[484.8s+488.3s].mp4
     ✅ 徐凤年(110段打野)_2026-03-20_19-21-20_000_kill_003_[520.6s].mp4
     ✅ 徐凤年(110段打野)_2026-03-20_19-21-20_000_kill_004_[602.0s].mp4
     ✅ 徐凤年(110段打野)_2026-03-20_19-21-20_000_kill_005_[656.1s+662.8s].mp4
     ✅ 徐凤年(110段打野)_2026-03-20_19-21-20_000_kill_006_[1592.7s].mp4
     ✅ 徐凤年(110段打野)_2026-03-20_19-21-20_000_kill_007_[1704.5s].mp4
  ⏱️ 本视频分析与剪辑共耗时: 144.7 秒

=======================================================
🎉 全部收工！你的私人剪辑师已退下。
📦 成果汇报: 共搜刮出 7 个高能片段。
⏱️ 总计耗时: 2分 24.7秒
📂 存放位置: E:\素材\测试
已加载 1 个视频片段，等待处理...


=======================================================
【系统时间】 2026-03-20 21:58:09
=======================================================
=======================================================
🚀 批量识别任务启动 (1 枚视频列入队列)
=======================================================

▶ 正在处理 [1/1]: 徐凤年(110段打野)_2026-03-20_19-21-20_001.mp4
  📡 [1/2] OCR 深度特征扫描中...
[检测] 视频：E:/素材/抖音/徐凤年(110段打野)/徐凤年(110段打野)_2026-03-20_19-21-20_001.mp4
[检测] FPS=60.0  总帧数=87408  时长=1456.8s
[检测] ROI=(1521, 126, 34, 37)  采样间隔=19帧  冷却=2.0s
------------------------------------------------------------
  ✅ 击杀！时间=691.28s  KD: 0 → 1  (+1)
  ✅ 击杀！时间=720.10s  KD: 1 → 2  (+1)
  ✅ 击杀！时间=834.10s  KD: 2 → 3  (+1)
  ✅ 击杀！时间=956.65s  KD: 3 → 4  (+1)
  ✅ 击杀！时间=1041.83s  KD: 4 → 5  (+1)
  ✅ 击杀！时间=1106.12s  KD: 5 → 6  (+1)
  ✅ 击杀！时间=1116.57s  KD: 6 → 7  (+1)
  ✅ 击杀！时间=1197.63s  KD: 8 → 9  (+1)
  ✅ 击杀！时间=1217.90s  KD: 9 → 10  (+1)
  ✅ 击杀！时间=1299.92s  KD: 11 → 12  (+1)
  ✅ 击杀！时间=1406.00s  KD: 12 → 13  (+1)

[检测] 完成！共采样 4601 帧，实际 OCR 3098 次
[检测] 共发现 11 次击杀
  ✂️ [2/2] 正在调用 FFmpeg 引擎裁剪渲染...
  🎬 渲染完成！这段视频产出了 10 个独立操作时刻：
     ✅ 徐凤年(110段打野)_2026-03-20_19-21-20_001_kill_001_[691.3s].mp4
     ✅ 徐凤年(110段打野)_2026-03-20_19-21-20_001_kill_002_[720.1s].mp4
     ✅ 徐凤年(110段打野)_2026-03-20_19-21-20_001_kill_003_[834.1s].mp4
     ✅ 徐凤年(110段打野)_2026-03-20_19-21-20_001_kill_004_[956.7s].mp4
     ✅ 徐凤年(110段打野)_2026-03-20_19-21-20_001_kill_005_[1041.8s].mp4
     ✅ 徐凤年(110段打野)_2026-03-20_19-21-20_001_kill_006_[1106.1s+1116.6s].mp4
     ✅ 徐凤年(110段打野)_2026-03-20_19-21-20_001_kill_007_[1197.6s].mp4
     ✅ 徐凤年(110段打野)_2026-03-20_19-21-20_001_kill_008_[1217.9s].mp4
     ✅ 徐凤年(110段打野)_2026-03-20_19-21-20_001_kill_009_[1299.9s].mp4
     ✅ 徐凤年(110段打野)_2026-03-20_19-21-20_001_kill_010_[1406.0s].mp4
  ⏱️ 本视频分析与剪辑共耗时: 154.7 秒

=======================================================
🎉 全部收工！你的私人剪辑师已退下。
📦 成果汇报: 共搜刮出 10 个高能片段。
⏱️ 总计耗时: 2分 34.8秒
📂 存放位置: E:\素材\测试
